2015-11-10 15:26:56 10fc InnoDB: Warning: Using innodb_additional_mem_pool_size is DEPRECATED. This option may be removed in future releases, together with the option innodb_use_sys_malloc and with the InnoDB's internal memory allocator.
2015-11-10 15:26:56 4348 [Note] InnoDB: Using mutexes to ref count buffer pool pages
2015-11-10 15:26:56 4348 [Note] InnoDB: The InnoDB memory heap is disabled
2015-11-10 15:26:56 4348 [Note] InnoDB: Mutexes and rw_locks use Windows interlocked functions
2015-11-10 15:26:56 4348 [Note] InnoDB: Memory barrier is not used
2015-11-10 15:26:56 4348 [Note] InnoDB: Compressed tables use zlib 1.2.3
2015-11-10 15:26:56 4348 [Note] InnoDB: Not using CPU crc32 instructions
2015-11-10 15:26:56 4348 [Note] InnoDB: Initializing buffer pool, size = 16.0M
2015-11-10 15:26:56 4348 [Note] InnoDB: Completed initialization of buffer pool
2015-11-10 15:26:56 4348 [Note] InnoDB: Highest supported file format is Barracuda.
2015-11-10 15:26:57 4348 [Note] InnoDB: 128 rollback segment(s) are active.
2015-11-10 15:26:57 4348 [Note] InnoDB: Waiting for purge to start
2015-11-10 15:26:57 4348 [Note] InnoDB:  Percona XtraDB (http://www.percona.com) 5.6.26-74.0 started; log sequence number 1835027
2015-11-10 15:26:57 6140 [Note] InnoDB: Dumping buffer pool(s) not yet started
2015-11-10 15:26:57 4348 [Note] Plugin 'FEEDBACK' is disabled.
2015-11-10 15:26:57 4348 [Note] Server socket created on IP: '::'.
2015-11-10 15:26:57 4348 [Note] Event Scheduler: Loaded 0 events
2015-11-10 15:26:57 4348 [Note] C:\xampp\mysql\bin\mysqld.exe: ready for connections.
Version: '10.1.8-MariaDB'  socket: ''  port: 3306  mariadb.org binary distribution
2015-11-10 15:27:11 5152 [Note] C:\xampp\mysql\bin\mysqld.exe: Normal shutdown

2015-11-10 15:27:11 5152 [Note] Event Scheduler: Purging the queue. 0 events
2015-11-10 15:27:11 5732 [Note] InnoDB: FTS optimize thread exiting.
2015-11-10 15:27:11 5152 [Note] InnoDB: Starting shutdown...
2015-11-10 15:27:13 5152 [Note] InnoDB: Shutdown completed; log sequence number 1835037
2015-11-10 15:27:13 5152 [Note] C:\xampp\mysql\bin\mysqld.exe: Shutdown complete

2018-08-16 08:25:15 1de8 InnoDB: Warning: Using innodb_additional_mem_pool_size is DEPRECATED. This option may be removed in future releases, together with the option innodb_use_sys_malloc and with the InnoDB's internal memory allocator.
2018-08-16  8:25:15 7656 [Note] InnoDB: innodb_empty_free_list_algorithm has been changed to legacy because of small buffer pool size. In order to use backoff, increase buffer pool at least up to 20MB.

2018-08-16  8:25:15 7656 [Note] InnoDB: Using mutexes to ref count buffer pool pages
2018-08-16  8:25:15 7656 [Note] InnoDB: The InnoDB memory heap is disabled
2018-08-16  8:25:15 7656 [Note] InnoDB: Mutexes and rw_locks use Windows interlocked functions
2018-08-16  8:25:15 7656 [Note] InnoDB: _mm_lfence() and _mm_sfence() are used for memory barrier
2018-08-16  8:25:15 7656 [Note] InnoDB: Compressed tables use zlib 1.2.3
2018-08-16  8:25:15 7656 [Note] InnoDB: Using generic crc32 instructions
2018-08-16  8:25:15 7656 [Note] InnoDB: Initializing buffer pool, size = 16.0M
2018-08-16  8:25:15 7656 [Note] InnoDB: Completed initialization of buffer pool
2018-08-16  8:25:15 7656 [Note] InnoDB: Highest supported file format is Barracuda.
2018-08-16  8:25:16 7656 [Note] InnoDB: 128 rollback segment(s) are active.
2018-08-16  8:25:16 7656 [Note] InnoDB: Waiting for purge to start
2018-08-16  8:25:16 7656 [Note] InnoDB:  Percona XtraDB (http://www.percona.com) 5.6.39-83.1 started; log sequence number 1835037
2018-08-16  8:25:16 6776 [Note] InnoDB: Dumping buffer pool(s) not yet started
2018-08-16  8:25:16 7656 [Note] Plugin 'FEEDBACK' is disabled.
2018-08-16  8:25:16 7656 [Note] Server socket created on IP: '::'.
2018-08-16  8:25:16 7656 [Note] c:\xampp\mysql\bin\mysqld.exe: ready for connections.
Version: '10.1.34-MariaDB'  socket: ''  port: 3306  mariadb.org binary distribution
2018-09-20 08:00:18 1e6c InnoDB: Warning: Using innodb_additional_mem_pool_size is DEPRECATED. This option may be removed in future releases, together with the option innodb_use_sys_malloc and with the InnoDB's internal memory allocator.
2018-09-20  8:00:18 7788 [Note] InnoDB: innodb_empty_free_list_algorithm has been changed to legacy because of small buffer pool size. In order to use backoff, increase buffer pool at least up to 20MB.

2018-09-20  8:00:18 7788 [Note] InnoDB: Using mutexes to ref count buffer pool pages
2018-09-20  8:00:18 7788 [Note] InnoDB: The InnoDB memory heap is disabled
2018-09-20  8:00:18 7788 [Note] InnoDB: Mutexes and rw_locks use Windows interlocked functions
2018-09-20  8:00:18 7788 [Note] InnoDB: _mm_lfence() and _mm_sfence() are used for memory barrier
2018-09-20  8:00:18 7788 [Note] InnoDB: Compressed tables use zlib 1.2.3
2018-09-20  8:00:18 7788 [Note] InnoDB: Using generic crc32 instructions
2018-09-20  8:00:18 7788 [Note] InnoDB: Initializing buffer pool, size = 16.0M
2018-09-20  8:00:18 7788 [Note] InnoDB: Completed initialization of buffer pool
2018-09-20  8:00:18 7788 [Note] InnoDB: Highest supported file format is Barracuda.
2018-09-20  8:00:18 7788 [Note] InnoDB: The log sequence number 1835037 in ibdata file do not match the log sequence number 1835441 in the ib_logfiles!
2018-09-20  8:00:20 7788 [Note] InnoDB: Restoring possible half-written data pages from the doublewrite buffer...
2018-09-20  8:00:24 7788 [Note] InnoDB: 128 rollback segment(s) are active.
2018-09-20  8:00:24 7788 [Note] InnoDB: Waiting for purge to start
2018-09-20  8:00:24 7788 [Note] InnoDB:  Percona XtraDB (http://www.percona.com) 5.6.39-83.1 started; log sequence number 1835441
2018-09-20  8:00:24 7164 [Note] InnoDB: Dumping buffer pool(s) not yet started
2018-09-20  8:00:24 7788 [Note] Plugin 'FEEDBACK' is disabled.
2018-09-20  8:00:24 7788 [Note] Server socket created on IP: '::'.
2018-09-20  8:00:26 7788 [Note] c:\xampp\mysql\bin\mysqld.exe: ready for connections.
Version: '10.1.34-MariaDB'  socket: ''  port: 3306  mariadb.org binary distribution
2018-09-27 07:55:00 340c InnoDB: Warning: Using innodb_additional_mem_pool_size is DEPRECATED. This option may be removed in future releases, together with the option innodb_use_sys_malloc and with the InnoDB's internal memory allocator.
2018-09-27  7:55:00 13324 [Note] InnoDB: innodb_empty_free_list_algorithm has been changed to legacy because of small buffer pool size. In order to use backoff, increase buffer pool at least up to 20MB.

2018-09-27  7:55:00 13324 [Note] InnoDB: Using mutexes to ref count buffer pool pages
2018-09-27  7:55:00 13324 [Note] InnoDB: The InnoDB memory heap is disabled
2018-09-27  7:55:00 13324 [Note] InnoDB: Mutexes and rw_locks use Windows interlocked functions
2018-09-27  7:55:00 13324 [Note] InnoDB: _mm_lfence() and _mm_sfence() are used for memory barrier
2018-09-27  7:55:00 13324 [Note] InnoDB: Compressed tables use zlib 1.2.3
2018-09-27  7:55:00 13324 [Note] InnoDB: Using generic crc32 instructions
2018-09-27  7:55:00 13324 [Note] InnoDB: Initializing buffer pool, size = 16.0M
2018-09-27  7:55:00 13324 [Note] InnoDB: Completed initialization of buffer pool
2018-09-27  7:55:00 13324 [Note] InnoDB: Highest supported file format is Barracuda.
2018-09-27  7:55:00 13324 [Note] InnoDB: The log sequence number 1835037 in ibdata file do not match the log sequence number 1835978 in the ib_logfiles!
2018-09-27  7:55:00 13324 [Note] InnoDB: Restoring possible half-written data pages from the doublewrite buffer...
2018-09-27  7:55:02 13324 [Note] InnoDB: 128 rollback segment(s) are active.
2018-09-27  7:55:02 13324 [Note] InnoDB: Waiting for purge to start
2018-09-27  7:55:02 13324 [Note] InnoDB:  Percona XtraDB (http://www.percona.com) 5.6.39-83.1 started; log sequence number 1835978
2018-09-27  7:55:02 12636 [Note] InnoDB: Dumping buffer pool(s) not yet started
2018-09-27  7:55:02 13324 [Note] Plugin 'FEEDBACK' is disabled.
2018-09-27  7:55:02 13324 [Note] Server socket created on IP: '::'.
2018-09-27  7:55:03 13324 [Note] c:\xampp\mysql\bin\mysqld.exe: ready for connections.
Version: '10.1.34-MariaDB'  socket: ''  port: 3306  mariadb.org binary distribution
2018-10-01 19:44:38 33b8 InnoDB: Warning: Using innodb_additional_mem_pool_size is DEPRECATED. This option may be removed in future releases, together with the option innodb_use_sys_malloc and with the InnoDB's internal memory allocator.
2018-10-01 19:44:38 13240 [Note] InnoDB: innodb_empty_free_list_algorithm has been changed to legacy because of small buffer pool size. In order to use backoff, increase buffer pool at least up to 20MB.

2018-10-01 19:44:38 13240 [Note] InnoDB: Using mutexes to ref count buffer pool pages
2018-10-01 19:44:38 13240 [Note] InnoDB: The InnoDB memory heap is disabled
2018-10-01 19:44:38 13240 [Note] InnoDB: Mutexes and rw_locks use Windows interlocked functions
2018-10-01 19:44:38 13240 [Note] InnoDB: _mm_lfence() and _mm_sfence() are used for memory barrier
2018-10-01 19:44:38 13240 [Note] InnoDB: Compressed tables use zlib 1.2.3
2018-10-01 19:44:38 13240 [Note] InnoDB: Using generic crc32 instructions
2018-10-01 19:44:38 13240 [Note] InnoDB: Initializing buffer pool, size = 16.0M
2018-10-01 19:44:38 13240 [Note] InnoDB: Completed initialization of buffer pool
2018-10-01 19:44:38 13240 [Note] InnoDB: Highest supported file format is Barracuda.
2018-10-01 19:44:38 13240 [Note] InnoDB: The log sequence number 1835037 in ibdata file do not match the log sequence number 1850959 in the ib_logfiles!
2018-10-01 19:44:38 13240 [Note] InnoDB: Restoring possible half-written data pages from the doublewrite buffer...
2018-10-01 19:44:40 13240 [Note] InnoDB: 128 rollback segment(s) are active.
2018-10-01 19:44:40 13240 [Note] InnoDB: Waiting for purge to start
2018-10-01 19:44:40 13240 [Note] InnoDB:  Percona XtraDB (http://www.percona.com) 5.6.39-83.1 started; log sequence number 1850959
2018-10-01 19:44:40 11292 [Note] InnoDB: Dumping buffer pool(s) not yet started
2018-10-01 19:44:40 13240 [Note] Plugin 'FEEDBACK' is disabled.
2018-10-01 19:44:40 13240 [Note] Server socket created on IP: '::'.
2018-10-01 19:44:40 13240 [Note] c:\xampp\mysql\bin\mysqld.exe: ready for connections.
Version: '10.1.34-MariaDB'  socket: ''  port: 3306  mariadb.org binary distribution
2018-10-08 19:48:37 1980 InnoDB: Warning: Using innodb_additional_mem_pool_size is DEPRECATED. This option may be removed in future releases, together with the option innodb_use_sys_malloc and with the InnoDB's internal memory allocator.
2018-10-08 19:48:37 6528 [Note] InnoDB: innodb_empty_free_list_algorithm has been changed to legacy because of small buffer pool size. In order to use backoff, increase buffer pool at least up to 20MB.

2018-10-08 19:48:37 6528 [Note] InnoDB: Using mutexes to ref count buffer pool pages
2018-10-08 19:48:37 6528 [Note] InnoDB: The InnoDB memory heap is disabled
2018-10-08 19:48:37 6528 [Note] InnoDB: Mutexes and rw_locks use Windows interlocked functions
2018-10-08 19:48:37 6528 [Note] InnoDB: _mm_lfence() and _mm_sfence() are used for memory barrier
2018-10-08 19:48:37 6528 [Note] InnoDB: Compressed tables use zlib 1.2.3
2018-10-08 19:48:37 6528 [Note] InnoDB: Using generic crc32 instructions
2018-10-08 19:48:38 6528 [Note] InnoDB: Initializing buffer pool, size = 16.0M
2018-10-08 19:48:38 6528 [Note] InnoDB: Completed initialization of buffer pool
2018-10-08 19:48:39 6528 [Note] InnoDB: Highest supported file format is Barracuda.
2018-10-08 19:48:39 6528 [Note] InnoDB: The log sequence number 1835037 in ibdata file do not match the log sequence number 1885398 in the ib_logfiles!
2018-10-08 19:48:41 6528 [Note] InnoDB: Restoring possible half-written data pages from the doublewrite buffer...
2018-10-08 19:48:46 6528 [Note] InnoDB: 128 rollback segment(s) are active.
2018-10-08 19:48:46 6528 [Note] InnoDB: Waiting for purge to start
2018-10-08 19:48:46 6528 [Note] InnoDB:  Percona XtraDB (http://www.percona.com) 5.6.39-83.1 started; log sequence number 1885398
2018-10-08 19:48:47 10328 [Note] InnoDB: Dumping buffer pool(s) not yet started
2018-10-08 19:48:47 6528 [Note] Plugin 'FEEDBACK' is disabled.
2018-10-08 19:48:47 6528 [Note] Server socket created on IP: '::'.
2018-10-08 19:48:49 6528 [Note] c:\xampp\mysql\bin\mysqld.exe: ready for connections.
Version: '10.1.34-MariaDB'  socket: ''  port: 3306  mariadb.org binary distribution
2018-10-15 12:06:06 3538 InnoDB: Warning: Using innodb_additional_mem_pool_size is DEPRECATED. This option may be removed in future releases, together with the option innodb_use_sys_malloc and with the InnoDB's internal memory allocator.
2018-10-15 12:06:06 13624 [Note] InnoDB: innodb_empty_free_list_algorithm has been changed to legacy because of small buffer pool size. In order to use backoff, increase buffer pool at least up to 20MB.

2018-10-15 12:06:06 13624 [Note] InnoDB: Using mutexes to ref count buffer pool pages
2018-10-15 12:06:06 13624 [Note] InnoDB: The InnoDB memory heap is disabled
2018-10-15 12:06:06 13624 [Note] InnoDB: Mutexes and rw_locks use Windows interlocked functions
2018-10-15 12:06:06 13624 [Note] InnoDB: _mm_lfence() and _mm_sfence() are used for memory barrier
2018-10-15 12:06:06 13624 [Note] InnoDB: Compressed tables use zlib 1.2.3
2018-10-15 12:06:06 13624 [Note] InnoDB: Using generic crc32 instructions
2018-10-15 12:06:06 13624 [Note] InnoDB: Initializing buffer pool, size = 16.0M
2018-10-15 12:06:06 13624 [Note] InnoDB: Completed initialization of buffer pool
2018-10-15 12:06:06 13624 [Note] InnoDB: Highest supported file format is Barracuda.
2018-10-15 12:06:06 13624 [Note] InnoDB: The log sequence number 1835037 in ibdata file do not match the log sequence number 1970223 in the ib_logfiles!
2018-10-15 12:06:07 13624 [Note] InnoDB: Restoring possible half-written data pages from the doublewrite buffer...
2018-10-15 12:06:08 13624 [Note] InnoDB: 128 rollback segment(s) are active.
2018-10-15 12:06:08 13624 [Note] InnoDB: Waiting for purge to start
2018-10-15 12:06:08 13624 [Note] InnoDB:  Percona XtraDB (http://www.percona.com) 5.6.39-83.1 started; log sequence number 1970223
2018-10-15 12:06:08 516 [Note] InnoDB: Dumping buffer pool(s) not yet started
2018-10-15 12:06:08 13624 [Note] Plugin 'FEEDBACK' is disabled.
2018-10-15 12:06:08 13624 [Note] Server socket created on IP: '::'.
2018-10-15 12:06:08 13624 [Note] c:\xampp\mysql\bin\mysqld.exe: ready for connections.
Version: '10.1.34-MariaDB'  socket: ''  port: 3306  mariadb.org binary distribution
2018-10-17 18:59:18 2ad8 InnoDB: Warning: Using innodb_additional_mem_pool_size is DEPRECATED. This option may be removed in future releases, together with the option innodb_use_sys_malloc and with the InnoDB's internal memory allocator.
2018-10-17 18:59:18 10968 [Note] InnoDB: innodb_empty_free_list_algorithm has been changed to legacy because of small buffer pool size. In order to use backoff, increase buffer pool at least up to 20MB.

2018-10-17 18:59:18 10968 [Note] InnoDB: Using mutexes to ref count buffer pool pages
2018-10-17 18:59:18 10968 [Note] InnoDB: The InnoDB memory heap is disabled
2018-10-17 18:59:18 10968 [Note] InnoDB: Mutexes and rw_locks use Windows interlocked functions
2018-10-17 18:59:18 10968 [Note] InnoDB: _mm_lfence() and _mm_sfence() are used for memory barrier
2018-10-17 18:59:18 10968 [Note] InnoDB: Compressed tables use zlib 1.2.3
2018-10-17 18:59:18 10968 [Note] InnoDB: Using generic crc32 instructions
2018-10-17 18:59:18 10968 [Note] InnoDB: Initializing buffer pool, size = 16.0M
2018-10-17 18:59:18 10968 [Note] InnoDB: Completed initialization of buffer pool
2018-10-17 18:59:18 10968 [Note] InnoDB: Highest supported file format is Barracuda.
2018-10-17 18:59:18 10968 [Note] InnoDB: The log sequence number 1835037 in ibdata file do not match the log sequence number 1973535 in the ib_logfiles!
2018-10-17 18:59:18 10968 [Note] InnoDB: Restoring possible half-written data pages from the doublewrite buffer...
2018-10-17 18:59:19 10968 [Note] InnoDB: 128 rollback segment(s) are active.
2018-10-17 18:59:19 10968 [Note] InnoDB: Waiting for purge to start
2018-10-17 18:59:19 10968 [Note] InnoDB:  Percona XtraDB (http://www.percona.com) 5.6.39-83.1 started; log sequence number 1973535
2018-10-17 18:59:19 2500 [Note] InnoDB: Dumping buffer pool(s) not yet started
2018-10-17 18:59:19 10968 [Note] Plugin 'FEEDBACK' is disabled.
2018-10-17 18:59:20 10968 [Note] Server socket created on IP: '::'.
2018-10-17 18:59:20 10968 [Note] c:\xampp\mysql\bin\mysqld.exe: ready for connections.
Version: '10.1.34-MariaDB'  socket: ''  port: 3306  mariadb.org binary distribution
2018-10-17 19:12:51 3174 InnoDB: Warning: Using innodb_additional_mem_pool_size is DEPRECATED. This option may be removed in future releases, together with the option innodb_use_sys_malloc and with the InnoDB's internal memory allocator.
2018-10-17 19:12:51 12660 [Note] InnoDB: innodb_empty_free_list_algorithm has been changed to legacy because of small buffer pool size. In order to use backoff, increase buffer pool at least up to 20MB.

2018-10-17 19:12:51 12660 [Note] InnoDB: Using mutexes to ref count buffer pool pages
2018-10-17 19:12:51 12660 [Note] InnoDB: The InnoDB memory heap is disabled
2018-10-17 19:12:51 12660 [Note] InnoDB: Mutexes and rw_locks use Windows interlocked functions
2018-10-17 19:12:51 12660 [Note] InnoDB: _mm_lfence() and _mm_sfence() are used for memory barrier
2018-10-17 19:12:51 12660 [Note] InnoDB: Compressed tables use zlib 1.2.3
2018-10-17 19:12:51 12660 [Note] InnoDB: Using generic crc32 instructions
2018-10-17 19:12:51 12660 [Note] InnoDB: Initializing buffer pool, size = 16.0M
2018-10-17 19:12:51 12660 [Note] InnoDB: Completed initialization of buffer pool
2018-10-17 19:12:52 12660 [Note] InnoDB: Highest supported file format is Barracuda.
2018-10-17 19:12:52 12660 [Note] InnoDB: The log sequence number 1835037 in ibdata file do not match the log sequence number 1973545 in the ib_logfiles!
2018-10-17 19:12:52 12660 [Note] InnoDB: Restoring possible half-written data pages from the doublewrite buffer...
2018-10-17 19:12:55 12660 [Note] InnoDB: 128 rollback segment(s) are active.
2018-10-17 19:12:55 12660 [Note] InnoDB: Waiting for purge to start
2018-10-17 19:12:55 12660 [Note] InnoDB:  Percona XtraDB (http://www.percona.com) 5.6.39-83.1 started; log sequence number 1973545
2018-10-17 19:12:55 13252 [Note] InnoDB: Dumping buffer pool(s) not yet started
2018-10-17 19:12:55 12660 [Note] Plugin 'FEEDBACK' is disabled.
2018-10-17 19:12:55 12660 [Note] Server socket created on IP: '::'.
2018-10-17 19:12:55 12660 [Note] c:\xampp\mysql\bin\mysqld.exe: ready for connections.
Version: '10.1.34-MariaDB'  socket: ''  port: 3306  mariadb.org binary distribution
2018-10-17 23:52:37 4188 InnoDB: Warning: Using innodb_additional_mem_pool_size is DEPRECATED. This option may be removed in future releases, together with the option innodb_use_sys_malloc and with the InnoDB's internal memory allocator.
2018-10-17 23:52:37 16776 [Note] InnoDB: innodb_empty_free_list_algorithm has been changed to legacy because of small buffer pool size. In order to use backoff, increase buffer pool at least up to 20MB.

2018-10-17 23:52:37 16776 [Note] InnoDB: Using mutexes to ref count buffer pool pages
2018-10-17 23:52:37 16776 [Note] InnoDB: The InnoDB memory heap is disabled
2018-10-17 23:52:37 16776 [Note] InnoDB: Mutexes and rw_locks use Windows interlocked functions
2018-10-17 23:52:37 16776 [Note] InnoDB: _mm_lfence() and _mm_sfence() are used for memory barrier
2018-10-17 23:52:37 16776 [Note] InnoDB: Compressed tables use zlib 1.2.3
2018-10-17 23:52:37 16776 [Note] InnoDB: Using generic crc32 instructions
2018-10-17 23:52:37 16776 [Note] InnoDB: Initializing buffer pool, size = 16.0M
2018-10-17 23:52:37 16776 [Note] InnoDB: Completed initialization of buffer pool
2018-10-17 23:52:37 16776 [Note] InnoDB: Highest supported file format is Barracuda.
2018-10-17 23:52:37 16776 [Note] InnoDB: The log sequence number 1835037 in ibdata file do not match the log sequence number 1976754 in the ib_logfiles!
2018-10-17 23:52:37 16776 [Note] InnoDB: Restoring possible half-written data pages from the doublewrite buffer...
2018-10-17 23:52:37 16776 [Note] InnoDB: 128 rollback segment(s) are active.
2018-10-17 23:52:37 16776 [Note] InnoDB: Waiting for purge to start
2018-10-17 23:52:37 16776 [Note] InnoDB:  Percona XtraDB (http://www.percona.com) 5.6.39-83.1 started; log sequence number 1976754
2018-10-17 23:52:37 5644 [Note] InnoDB: Dumping buffer pool(s) not yet started
2018-10-17 23:52:37 16776 [Note] Plugin 'FEEDBACK' is disabled.
2018-10-17 23:52:37 16776 [Note] Server socket created on IP: '::'.
2018-10-17 23:52:37 16776 [Note] c:\xampp\mysql\bin\mysqld.exe: ready for connections.
Version: '10.1.34-MariaDB'  socket: ''  port: 3306  mariadb.org binary distribution
2018-10-18 01:27:45 b30 InnoDB: Warning: Using innodb_additional_mem_pool_size is DEPRECATED. This option may be removed in future releases, together with the option innodb_use_sys_malloc and with the InnoDB's internal memory allocator.
2018-10-18  1:27:45 2864 [Note] InnoDB: innodb_empty_free_list_algorithm has been changed to legacy because of small buffer pool size. In order to use backoff, increase buffer pool at least up to 20MB.

2018-10-18  1:27:45 2864 [Note] InnoDB: Using mutexes to ref count buffer pool pages
2018-10-18  1:27:45 2864 [Note] InnoDB: The InnoDB memory heap is disabled
2018-10-18  1:27:45 2864 [Note] InnoDB: Mutexes and rw_locks use Windows interlocked functions
2018-10-18  1:27:45 2864 [Note] InnoDB: _mm_lfence() and _mm_sfence() are used for memory barrier
2018-10-18  1:27:45 2864 [Note] InnoDB: Compressed tables use zlib 1.2.3
2018-10-18  1:27:45 2864 [Note] InnoDB: Using generic crc32 instructions
2018-10-18  1:27:45 2864 [Note] InnoDB: Initializing buffer pool, size = 16.0M
2018-10-18  1:27:45 2864 [Note] InnoDB: Completed initialization of buffer pool
2018-10-18  1:27:45 2864 [Note] InnoDB: Highest supported file format is Barracuda.
2018-10-18  1:27:45 2864 [Note] InnoDB: The log sequence number 1835037 in ibdata file do not match the log sequence number 1981946 in the ib_logfiles!
2018-10-18  1:27:45 2864 [Note] InnoDB: Restoring possible half-written data pages from the doublewrite buffer...
2018-10-18  1:27:46 2864 [Note] InnoDB: 128 rollback segment(s) are active.
2018-10-18  1:27:46 2864 [Note] InnoDB: Waiting for purge to start
2018-10-18  1:27:46 2864 [Note] InnoDB:  Percona XtraDB (http://www.percona.com) 5.6.39-83.1 started; log sequence number 1981946
2018-10-18  1:27:46 9416 [Note] InnoDB: Dumping buffer pool(s) not yet started
2018-10-18  1:27:46 2864 [Note] Plugin 'FEEDBACK' is disabled.
2018-10-18  1:27:46 2864 [Note] Server socket created on IP: '::'.
2018-10-18  1:27:46 2864 [Note] c:\xampp\mysql\bin\mysqld.exe: ready for connections.
Version: '10.1.34-MariaDB'  socket: ''  port: 3306  mariadb.org binary distribution
2018-10-18 07:27:19 2788 InnoDB: Warning: Using innodb_additional_mem_pool_size is DEPRECATED. This option may be removed in future releases, together with the option innodb_use_sys_malloc and with the InnoDB's internal memory allocator.
2018-10-18  7:27:19 10120 [Note] InnoDB: innodb_empty_free_list_algorithm has been changed to legacy because of small buffer pool size. In order to use backoff, increase buffer pool at least up to 20MB.

2018-10-18  7:27:19 10120 [Note] InnoDB: Using mutexes to ref count buffer pool pages
2018-10-18  7:27:19 10120 [Note] InnoDB: The InnoDB memory heap is disabled
2018-10-18  7:27:19 10120 [Note] InnoDB: Mutexes and rw_locks use Windows interlocked functions
2018-10-18  7:27:19 10120 [Note] InnoDB: _mm_lfence() and _mm_sfence() are used for memory barrier
2018-10-18  7:27:19 10120 [Note] InnoDB: Compressed tables use zlib 1.2.3
2018-10-18  7:27:19 10120 [Note] InnoDB: Using generic crc32 instructions
2018-10-18  7:27:19 10120 [Note] InnoDB: Initializing buffer pool, size = 16.0M
2018-10-18  7:27:19 10120 [Note] InnoDB: Completed initialization of buffer pool
2018-10-18  7:27:20 10120 [Note] InnoDB: Highest supported file format is Barracuda.
2018-10-18  7:27:20 10120 [Note] InnoDB: The log sequence number 1835037 in ibdata file do not match the log sequence number 1981972 in the ib_logfiles!
2018-10-18  7:27:20 10120 [Note] InnoDB: Restoring possible half-written data pages from the doublewrite buffer...
2018-10-18  7:27:21 10120 [Note] InnoDB: 128 rollback segment(s) are active.
2018-10-18  7:27:21 10120 [Note] InnoDB: Waiting for purge to start
2018-10-18  7:27:21 10120 [Note] InnoDB:  Percona XtraDB (http://www.percona.com) 5.6.39-83.1 started; log sequence number 1981972
2018-10-18  7:27:21 7728 [Note] InnoDB: Dumping buffer pool(s) not yet started
2018-10-18  7:27:21 10120 [Note] Plugin 'FEEDBACK' is disabled.
2018-10-18  7:27:21 10120 [Note] Server socket created on IP: '::'.
2018-10-18  7:27:22 10120 [Note] c:\xampp\mysql\bin\mysqld.exe: ready for connections.
Version: '10.1.34-MariaDB'  socket: ''  port: 3306  mariadb.org binary distribution
